\BOOKMARK [2][-]{subsection..0.1}{\376\377\000H\000r\000i\000d\000d\000\040\000C\000l\000a\000s\000s\000\040\000R\000e\000f\000e\000r\000e\000n\000c\000e}{}
\BOOKMARK [3][-]{subsubsection..0.1.1}{\376\377\000D\000e\000t\000a\000i\000l\000e\000d\000\040\000D\000e\000s\000c\000r\000i\000p\000t\000i\000o\000n}{subsection..0.1}
\BOOKMARK [3][-]{subsubsection..0.1.2}{\376\377\000M\000e\000m\000b\000e\000r\000\040\000F\000u\000n\000c\000t\000i\000o\000n\000\040\000D\000o\000c\000u\000m\000e\000n\000t\000a\000t\000i\000o\000n}{subsection..0.1}
\BOOKMARK [3][-]{subsubsection..0.1.3}{\376\377\000M\000e\000m\000b\000e\000r\000\040\000D\000a\000t\000a\000\040\000D\000o\000c\000u\000m\000e\000n\000t\000a\000t\000i\000o\000n}{subsection..0.1}
\BOOKMARK [2][-]{subsection..0.2}{\376\377\000P\000i\000o\000n\000e\000e\000r\000R\000o\000b\000o\000t\000\040\000C\000l\000a\000s\000s\000\040\000R\000e\000f\000e\000r\000e\000n\000c\000e}{}
\BOOKMARK [3][-]{subsubsection..0.2.1}{\376\377\000D\000e\000t\000a\000i\000l\000e\000d\000\040\000D\000e\000s\000c\000r\000i\000p\000t\000i\000o\000n}{subsection..0.2}
\BOOKMARK [3][-]{subsubsection..0.2.2}{\376\377\000C\000o\000n\000s\000t\000r\000u\000c\000t\000o\000r\000\040\000\046\000\040\000D\000e\000s\000t\000r\000u\000c\000t\000o\000r\000\040\000D\000o\000c\000u\000m\000e\000n\000t\000a\000t\000i\000o\000n}{subsection..0.2}
\BOOKMARK [3][-]{subsubsection..0.2.3}{\376\377\000M\000e\000m\000b\000e\000r\000\040\000F\000u\000n\000c\000t\000i\000o\000n\000\040\000D\000o\000c\000u\000m\000e\000n\000t\000a\000t\000i\000o\000n}{subsection..0.2}
\BOOKMARK [3][-]{subsubsection..0.2.4}{\376\377\000M\000e\000m\000b\000e\000r\000\040\000D\000a\000t\000a\000\040\000D\000o\000c\000u\000m\000e\000n\000t\000a\000t\000i\000o\000n}{subsection..0.2}
\BOOKMARK [2][-]{subsection..0.3}{\376\377\000P\000o\000r\000t\000D\000e\000v\000i\000c\000e\000\040\000C\000l\000a\000s\000s\000\040\000R\000e\000f\000e\000r\000e\000n\000c\000e}{}
\BOOKMARK [3][-]{subsubsection..0.3.1}{\376\377\000D\000e\000t\000a\000i\000l\000e\000d\000\040\000D\000e\000s\000c\000r\000i\000p\000t\000i\000o\000n}{subsection..0.3}
\BOOKMARK [3][-]{subsubsection..0.3.2}{\376\377\000C\000o\000n\000s\000t\000r\000u\000c\000t\000o\000r\000\040\000\046\000\040\000D\000e\000s\000t\000r\000u\000c\000t\000o\000r\000\040\000D\000o\000c\000u\000m\000e\000n\000t\000a\000t\000i\000o\000n}{subsection..0.3}
\BOOKMARK [3][-]{subsubsection..0.3.3}{\376\377\000M\000e\000m\000b\000e\000r\000\040\000F\000u\000n\000c\000t\000i\000o\000n\000\040\000D\000o\000c\000u\000m\000e\000n\000t\000a\000t\000i\000o\000n}{subsection..0.3}
\BOOKMARK [2][-]{subsection..0.4}{\376\377\000Z\000x\000t\000a\000r\000\040\000C\000l\000a\000s\000s\000\040\000R\000e\000f\000e\000r\000e\000n\000c\000e}{}
\BOOKMARK [3][-]{subsubsection..0.4.1}{\376\377\000D\000e\000t\000a\000i\000l\000e\000d\000\040\000D\000e\000s\000c\000r\000i\000p\000t\000i\000o\000n}{subsection..0.4}
\BOOKMARK [3][-]{subsubsection..0.4.2}{\376\377\000C\000o\000n\000s\000t\000r\000u\000c\000t\000o\000r\000\040\000\046\000\040\000D\000e\000s\000t\000r\000u\000c\000t\000o\000r\000\040\000D\000o\000c\000u\000m\000e\000n\000t\000a\000t\000i\000o\000n}{subsection..0.4}
\BOOKMARK [3][-]{subsubsection..0.4.3}{\376\377\000M\000e\000m\000b\000e\000r\000\040\000F\000u\000n\000c\000t\000i\000o\000n\000\040\000D\000o\000c\000u\000m\000e\000n\000t\000a\000t\000i\000o\000n}{subsection..0.4}
\BOOKMARK [3][-]{subsubsection..0.4.4}{\376\377\000M\000e\000m\000b\000e\000r\000\040\000D\000a\000t\000a\000\040\000D\000o\000c\000u\000m\000e\000n\000t\000a\000t\000i\000o\000n}{subsection..0.4}
\BOOKMARK [2][-]{subsection..0.5}{\376\377\000/\000h\000o\000m\000e\000/\000m\000a\000p\000x\000/\000x\000f\000i\000l\000e\000s\000/\000m\000a\000r\000k\000o\000v\000i\000t\000o\000/\000f\000r\000e\000e\000s\000c\000a\000l\000e\000/\000t\000e\000x\000/\000h\000r\000i\000d\000a\000n\000c\000e\000d\000e\000m\000o\0000\0000\0001\000/\000m\000a\000i\000n\000.\000c\000p\000p\000\040\000F\000i\000l\000e\000\040\000R\000e\000f\000e\000r\000e\000n\000c\000e}{}
\BOOKMARK [3][-]{subsubsection..0.5.1}{\376\377\000F\000u\000n\000c\000t\000i\000o\000n\000\040\000D\000o\000c\000u\000m\000e\000n\000t\000a\000t\000i\000o\000n}{subsection..0.5}
